<?xml version="1.0" encoding="UTF-8"?>
<!-- Generated by org.testng.reporters.JUnitReportReporter -->
<testsuite hostname="DESKTOP-61VG6O9" failures="0" tests="2" name="stageing.Cart" time="8.364" errors="0" timestamp="2022-12-02T12:45:09 EET" skipped="0">
  <testcase classname="stageing.Cart" name="test_DELL_G15" time="8.244"/>
  <system-out/>
  <testcase classname="stageing.Cart" name="Check_Discount_Item_" time="0.120"/>
  <system-out/>
</testsuite> <!-- stageing.Cart -->
